<?xml version="1.0" encoding="UTF-8"?>
<!-- Generated by org.testng.reporters.JUnitReportReporter -->
<testsuite hostname="NANIPC" failures="0" tests="1" name="tests.Context_test" time="14.028" errors="0" timestamp="2025-06-19T08:56:44 IST" skipped="0">
  <testcase classname="tests.Context_test" name="click" time="14.028"/>
</testsuite> <!-- tests.Context_test -->
