<?xml version="1.0" encoding="UTF-8"?>
<!-- Generated by org.testng.reporters.JUnitReportReporter -->
<testsuite hostname="NANIPC" failures="0" tests="1" name="tests.DynamicControl_test" time="7.331" errors="0" timestamp="2025-05-16T12:57:22 IST" skipped="0">
  <testcase classname="tests.DynamicControl_test" name="checkbox" time="7.331"/>
</testsuite> <!-- tests.DynamicControl_test -->
