<?xml version="1.0" encoding="UTF-8"?>
<!-- Generated by org.testng.reporters.JUnitReportReporter -->
<testsuite hostname="NANIPC" failures="0" tests="1" name="rough.prac11" time="21.154" errors="0" timestamp="2025-07-22T10:51:41 IST" skipped="0">
  <testcase classname="rough.prac11" name="itemslist" time="21.154"/>
</testsuite> <!-- rough.prac11 -->
