<?xml version="1.0" encoding="UTF-8"?>
<!-- Generated by org.testng.reporters.JUnitReportReporter -->
<testsuite hostname="NANIPC" failures="0" tests="1" name="rough.prac4" time="34.653" errors="0" timestamp="2025-07-12T17:00:07 IST" skipped="0">
  <testcase classname="rough.prac4" name="test1" time="34.653"/>
</testsuite> <!-- rough.prac4 -->
