<?xml version="1.0" encoding="UTF-8"?>
<!-- Generated by org.testng.reporters.JUnitReportReporter -->
<testsuite hostname="NANIPC" failures="0" tests="5" name="tests.DisappearingElement_test" time="31.951" errors="0" timestamp="2025-05-15T14:36:23 IST" skipped="0">
  <testcase classname="tests.DisappearingElement_test" name="portfolio" time="6.110"/>
  <testcase classname="tests.DisappearingElement_test" name="home" time="6.419"/>
  <testcase classname="tests.DisappearingElement_test" name="contact" time="7.138"/>
  <testcase classname="tests.DisappearingElement_test" name="about" time="6.378"/>
  <testcase classname="tests.DisappearingElement_test" name="gallery" time="5.906"/>
</testsuite> <!-- tests.DisappearingElement_test -->
