<?xml version="1.0" encoding="UTF-8"?>
<!-- Generated by org.testng.reporters.JUnitReportReporter -->
<testsuite hostname="NANIPC" failures="0" tests="1" name="rough.prac" time="0.976" errors="0" timestamp="2025-07-01T17:52:45 IST" skipped="0">
  <testcase classname="rough.prac" name="test" time="0.976"/>
</testsuite> <!-- rough.prac -->
