<?xml version="1.0" encoding="UTF-8"?>
<!-- Generated by org.testng.reporters.JUnitReportReporter -->
<testsuite hostname="NANIPC" failures="0" tests="1" name="tests.DragandDrop_test" time="6.589" errors="0" timestamp="2025-05-16T09:06:49 IST" skipped="0">
  <testcase classname="tests.DragandDrop_test" name="drag" time="6.589"/>
</testsuite> <!-- tests.DragandDrop_test -->
