<?xml version="1.0" encoding="UTF-8"?>
<!-- Generated by org.testng.reporters.JUnitReportReporter -->
<testsuite hostname="NANIPC" failures="0" tests="1" name="tests.BasicAuth_test" time="8.226" errors="0" timestamp="2025-05-15T14:36:23 IST" skipped="0">
  <testcase classname="tests.BasicAuth_test" name="login" time="8.226"/>
</testsuite> <!-- tests.BasicAuth_test -->
