<?xml version="1.0" encoding="UTF-8"?>
<!-- Generated by org.testng.reporters.JUnitReportReporter -->
<testsuite hostname="NANIPC" failures="0" tests="1" name="prac.file1" time="1.006" errors="0" timestamp="2025-06-27T11:13:20 IST" skipped="0">
  <testcase classname="prac.file1" name="read" time="1.006"/>
</testsuite> <!-- prac.file1 -->
