<?xml version="1.0" encoding="UTF-8"?>
<!-- Generated by org.testng.reporters.JUnitReportReporter -->
<testsuite hostname="NANIPC" failures="0" tests="1" name="tests.dropdown_test" time="6.190" errors="0" timestamp="2025-05-15T14:36:23 IST" skipped="0">
  <testcase classname="tests.dropdown_test" name="drop" time="6.190"/>
</testsuite> <!-- tests.dropdown_test -->
