<?xml version="1.0" encoding="UTF-8"?>
<!-- Generated by org.testng.reporters.JUnitReportReporter -->
<testsuite hostname="NANIPC" failures="0" tests="1" name="tests.DigestAuth_test" time="7.384" errors="0" timestamp="2025-05-15T14:36:23 IST" skipped="0">
  <testcase classname="tests.DigestAuth_test" name="Dauth" time="7.384"/>
</testsuite> <!-- tests.DigestAuth_test -->
