<?xml version="1.0" encoding="UTF-8"?>
<!-- Generated by org.testng.reporters.JUnitReportReporter -->
<testsuite hostname="NANIPC" failures="0" tests="1" name="tests.AB_testing_test" time="11.310" errors="0" timestamp="2025-05-30T09:37:44 IST" skipped="0">
  <testcase classname="tests.AB_testing_test" name="paragraphends" time="11.310"/>
</testsuite> <!-- tests.AB_testing_test -->
