<?xml version="1.0" encoding="UTF-8"?>
<!-- Generated by org.testng.reporters.JUnitReportReporter -->
<testsuite hostname="NANIPC" failures="0" tests="1" name="rough.prac7" time="11.879" errors="0" timestamp="2025-07-31T12:32:44 IST" skipped="0">
  <testcase classname="rough.prac7" name="compare" time="11.879"/>
</testsuite> <!-- rough.prac7 -->
