<?xml version="1.0" encoding="UTF-8"?>
<!-- Generated by org.testng.reporters.JUnitReportReporter -->
<testsuite hostname="NANIPC" failures="0" tests="2" name="rough.prac66" time="207.859" errors="0" timestamp="2025-07-24T16:35:10 IST" skipped="0">
  <testcase classname="rough.prac66" name="scrapeFlipkart" time="91.869"/>
  <testcase classname="rough.prac66" name="scrapeFlipkart" time="115.990"/>
</testsuite> <!-- rough.prac66 -->
