<?xml version="1.0" encoding="UTF-8"?>
<!-- Generated by org.testng.reporters.JUnitReportReporter -->
<testsuite hostname="NANIPC" failures="0" tests="1" name="rough.prac5" time="40.884" errors="0" timestamp="2025-07-12T18:22:18 IST" skipped="0">
  <testcase classname="rough.prac5" name="test" time="40.884"/>
</testsuite> <!-- rough.prac5 -->
