<?xml version="1.0" encoding="UTF-8"?>
<!-- Generated by org.testng.reporters.JUnitReportReporter -->
<testsuite hostname="NANIPC" failures="0" tests="1" name="rough.pass" time="0.433" errors="0" timestamp="2025-07-31T10:30:58 IST" skipped="0">
  <testcase classname="rough.pass" name="testpass" time="0.433"/>
</testsuite> <!-- rough.pass -->
