<?xml version="1.0" encoding="UTF-8"?>
<!-- Generated by org.testng.reporters.JUnitReportReporter -->
<testsuite hostname="NANIPC" failures="0" tests="1" name="rough.prac3" time="1.604" errors="0" timestamp="2025-07-12T17:22:29 IST" skipped="0">
  <testcase classname="rough.prac3" name="test" time="1.604"/>
</testsuite> <!-- rough.prac3 -->
