<?xml version="1.0" encoding="UTF-8"?>
<!-- Generated by org.testng.reporters.JUnitReportReporter -->
<testsuite hostname="NANIPC" failures="0" tests="7" name="tests.DynamicContent_test" time="44.706" errors="0" timestamp="2025-05-16T10:46:07 IST" skipped="0">
  <testcase classname="tests.DynamicContent_test" name="p1" time="5.771"/>
  <testcase classname="tests.DynamicContent_test" name="clickhere" time="7.894"/>
  <testcase classname="tests.DynamicContent_test" name="mp1" time="5.625"/>
  <testcase classname="tests.DynamicContent_test" name="title" time="6.192"/>
  <testcase classname="tests.DynamicContent_test" name="mp3" time="6.204"/>
  <testcase classname="tests.DynamicContent_test" name="mp2" time="6.078"/>
  <testcase classname="tests.DynamicContent_test" name="p2" time="6.942"/>
</testsuite> <!-- tests.DynamicContent_test -->
