<?xml version="1.0" encoding="UTF-8"?>
<!-- Generated by org.testng.reporters.JUnitReportReporter -->
<testsuite hostname="NANIPC" failures="0" tests="1" name="rough.prac5" time="67.981" errors="0" timestamp="2025-07-28T09:46:23 IST" skipped="0">
  <testcase classname="rough.prac5" name="topfive" time="67.981"/>
</testsuite> <!-- rough.prac5 -->
