<?xml version="1.0" encoding="UTF-8"?>
<!-- Generated by org.testng.reporters.JUnitReportReporter -->
<testsuite hostname="NANIPC" failures="0" tests="1" name="rough.prac10" time="25.812" errors="0" timestamp="2025-07-22T12:17:40 IST" skipped="0">
  <testcase classname="rough.prac10" name="itemslist" time="25.812"/>
</testsuite> <!-- rough.prac10 -->
