<?xml version="1.0" encoding="UTF-8"?>
<!-- Generated by org.testng.reporters.JUnitReportReporter -->
<testsuite hostname="NANIPC" failures="0" tests="1" name="rough.prac55" time="49.966" errors="0" timestamp="2025-07-28T11:03:40 IST" skipped="0">
  <testcase classname="rough.prac55" name="topfive" time="49.966"/>
</testsuite> <!-- rough.prac55 -->
