<?xml version="1.0" encoding="UTF-8"?>
<!-- Generated by org.testng.reporters.JUnitReportReporter -->
<testsuite hostname="NANIPC" failures="0" tests="1" name="tests.context_test" time="11.187" errors="0" timestamp="2025-05-15T14:36:23 IST" skipped="0">
  <testcase classname="tests.context_test" name="click" time="11.187"/>
</testsuite> <!-- tests.context_test -->
